#
# A fatal error has been detected by the Java Runtime Environment:
#
#  SIGSEGV (0xb) at pc=0x000000010bdcdc08, pid=6416, tid=18179
#
# JRE version: Java(TM) SE Runtime Environment (7.0_51-b13) (build 1.7.0_51-b13)
# Java VM: Java HotSpot(TM) 64-Bit Server VM (24.51-b03 mixed mode bsd-amd64 compressed oops)
# Problematic frame:
# V  [libjvm.dylib+0x2adc08]
#
# Failed to write core dump. Core dumps have been disabled. To enable core dumping, try "ulimit -c unlimited" before starting Java again
#
# If you would like to submit a bug report, please visit:
#   http://bugreport.sun.com/bugreport/crash.jsp
#

---------------  T H R E A D  ---------------

Current thread (0x00007fc00b002000):  JavaThread "JDWP Transport Listener: dt_socket" daemon [_thread_in_vm, id=18179, stack(0x0000000117c97000,0x0000000117d97000)]

siginfo:si_signo=SIGSEGV: si_errno=0, si_code=1 (SEGV_MAPERR), si_addr=0x000000000000000c

Registers:
RAX=0x0000000000000000, RBX=0x00000007cb0991f8, RCX=0x000000000000000c, RDX=0x0000000000000000
RSP=0x0000000117d96a10, RBP=0x0000000117d96a10, RSI=0x00007fc009604fc0, RDI=0x00000007cb0991f8
R8 =0x0000000000000000, R9 =0x00007fc009400000, R10=0x0080001015555555, R11=0xffff80410e785500
R12=0x00007fc00b002000, R13=0x00007fc009619080, R14=0x0000000000000000, R15=0x0000000000000000
RIP=0x000000010bdcdc08, EFLAGS=0x0000000000010202, ERR=0x0000000000000004
  TRAPNO=0x000000000000000e

Top of Stack: (sp=0x0000000117d96a10)
0x0000000117d96a10:   0000000117d96a40 000000010bdfd3ba
0x0000000117d96a20:   0000000000000000 0000000000000000
0x0000000117d96a30:   00000007cb0991f8 00007fc00b0021e8
0x0000000117d96a40:   0000000117d96ab0 000000010be24c68
0x0000000117d96a50:   00007fc00b002000 00007fc00b002000
0x0000000117d96a60:   0000000000000000 0000000000000000
0x0000000117d96a70:   00007fc00b0021e8 00007fc00b002000
0x0000000117d96a80:   00007fc00b002000 0000000117d96b08
0x0000000117d96a90:   00007fc009604fc0 00007fc009619080
0x0000000117d96aa0:   0000000117d96c90 00007fc00b0021e8
0x0000000117d96ab0:   0000000117d96ae0 000000010cf0a52e
0x0000000117d96ac0:   0000000117d96c90 000000010cf2adc0
0x0000000117d96ad0:   0000000117d96b08 000000010cf36578
0x0000000117d96ae0:   0000000117d96d00 000000010cf116b2
0x0000000117d96af0:   000012ff00000013 0000000000010a00
0x0000000117d96b00:   00007fc009611570 0000000117d96b58
0x0000000117d96b10:   00007fc00000012c 0000000117d96b20
0x0000000117d96b20:   00007fc000000000 0000000117d96b58
0x0000000117d96b30:   0000000000000000 00007f0000000000
0x0000000117d96b40:   000012ff00000018 00007fff00004e80
0x0000000117d96b50:   0000000117d96b58 0000005b01000000
0x0000000117d96b60:   4200005600000000 000000000a000000
0x0000000117d96b70:   c000000000000000 0400000000000000
0x0000000117d96b80:   00000000090c0000 c100000009000000
0x0000000117d96b90:   0d00000000000000 00000000c2000000
0x0000000117d96ba0:   c400000016000000 1a00000000000000
0x0000000117d96bb0:   00000000c5000000 c800000023000000
0x0000000117d96bc0:   2b00000000000000 00000000c9000000
0x0000000117d96bd0:   cb00000036000000 4200000000000000
0x0000000117d96be0:   04002a00cc000000 0000000000000001
0x0000000117d96bf0:   044209c07f000011 00000000000000a0
0x0000000117d96c00:   002a000000000006 0000000000000105 

Instructions: (pc=0x000000010bdcdc08)
0x000000010bdcdbe8:   eb 16 48 8d 35 cf 29 4c 00 8a 4e 08 48 d3 e2 48
0x000000010bdcdbf8:   03 16 eb 04 48 8b 14 0f 84 c0 0f 94 c0 0f b6 c0
0x000000010bdcdc08:   8b 44 82 0c 5d c3 8b 04 07 5d c3 90 55 48 89 e5
0x000000010bdcdc18:   f6 87 8d 00 00 00 02 75 04 31 ff eb 23 48 63 87 

Register to memory mapping:

RAX=0x0000000000000000 is an unknown value
RBX=0x00000007cb0991f8 is an oop
java.lang.String 
 - klass: 'java/lang/String'
RCX=0x000000000000000c is an unknown value
RDX=0x0000000000000000 is an unknown value
RSP=0x0000000117d96a10 is pointing into the stack for thread: 0x00007fc00b002000
RBP=0x0000000117d96a10 is pointing into the stack for thread: 0x00007fc00b002000
RSI=0x00007fc009604fc0 is a global jni handle
RDI=0x00000007cb0991f8 is an oop
java.lang.String 
 - klass: 'java/lang/String'
R8 =0x0000000000000000 is an unknown value
R9 =0x00007fc009400000 is an unknown value
R10=0x0080001015555555 is an unknown value
R11=0xffff80410e785500 is an unknown value
R12=0x00007fc00b002000 is a thread
R13=0x00007fc009619080 is an unknown value
R14=0x0000000000000000 is an unknown value
R15=0x0000000000000000 is an unknown value


Stack: [0x0000000117c97000,0x0000000117d97000],  sp=0x0000000117d96a10,  free space=1022k
Native frames: (J=compiled Java code, j=interpreted, Vv=VM code, C=native code)
V  [libjvm.dylib+0x2adc08]
V  [libjvm.dylib+0x2dd3ba]
V  [libjvm.dylib+0x304c68]
C  [libjdwp.dylib+0x752e]  value+0x96
C  [libjdwp.dylib+0xe6b2]  debugLoop_run+0x1ce
C  [libjdwp.dylib+0x1f132]  attachThread+0x4d
V  [libjvm.dylib+0x373f9e]
V  [libjvm.dylib+0x4efb57]
V  [libjvm.dylib+0x4f125f]
V  [libjvm.dylib+0x41b1d6]
C  [libsystem_pthread.dylib+0x1899]  _pthread_body+0x8a
C  [libsystem_pthread.dylib+0x172a]  _pthread_struct_init+0x0
C  [libsystem_pthread.dylib+0x5fc9]  thread_start+0xd


---------------  P R O C E S S  ---------------

Java Threads: ( => current thread )
  0x00007fc00a068000 JavaThread "ReaderThread" [_thread_in_native, id=21763, stack(0x0000000118467000,0x0000000118567000)]
  0x00007fc009841000 JavaThread "Service Thread" daemon [_thread_blocked, id=20739, stack(0x00000001181a6000,0x00000001182a6000)]
  0x00007fc009840000 JavaThread "C2 CompilerThread1" daemon [_thread_blocked, id=20227, stack(0x00000001180a3000,0x00000001181a3000)]
  0x00007fc00a848000 JavaThread "C2 CompilerThread0" daemon [_thread_blocked, id=19715, stack(0x0000000117fa0000,0x00000001180a0000)]
  0x00007fc00a00d000 JavaThread "JDWP Command Reader" daemon [_thread_in_native, id=19203, stack(0x0000000117e9d000,0x0000000117f9d000)]
  0x00007fc00b003000 JavaThread "JDWP Event Helper Thread" daemon [_thread_blocked, id=18691, stack(0x0000000117d9a000,0x0000000117e9a000)]
=>0x00007fc00b002000 JavaThread "JDWP Transport Listener: dt_socket" daemon [_thread_in_vm, id=18179, stack(0x0000000117c97000,0x0000000117d97000)]
  0x00007fc00a838000 JavaThread "Signal Dispatcher" daemon [_thread_blocked, id=17667, stack(0x0000000117b8e000,0x0000000117c8e000)]
  0x00007fc00982a800 JavaThread "Finalizer" daemon [_thread_blocked, id=12547, stack(0x000000011793f000,0x0000000117a3f000)]
  0x00007fc009827800 JavaThread "Reference Handler" daemon [_thread_blocked, id=12035, stack(0x000000011783c000,0x000000011793c000)]
  0x00007fc00980c000 JavaThread "main" [_thread_blocked, id=6403, stack(0x000000010ce01000,0x000000010cf01000)]

Other Threads:
  0x00007fc00a002800 VMThread [stack: 0x0000000117739000,0x0000000117839000] [id=11523]
  0x00007fc00a836000 WatcherThread [stack: 0x00000001182a9000,0x00000001183a9000] [id=21251]

VM state:not at safepoint (normal execution)

VM Mutex/Monitor currently owned by a thread: None

Heap
 PSYoungGen      total 48128K, used 6647K [0x00000007caa80000, 0x00000007ce000000, 0x0000000800000000)
  eden space 41472K, 16% used [0x00000007caa80000,0x00000007cb0fdc10,0x00000007cd300000)
  from space 6656K, 0% used [0x00000007cd980000,0x00000007cd980000,0x00000007ce000000)
  to   space 6656K, 0% used [0x00000007cd300000,0x00000007cd300000,0x00000007cd980000)
 ParOldGen       total 109056K, used 0K [0x0000000760000000, 0x0000000766a80000, 0x00000007caa80000)
  object space 109056K, 0% used [0x0000000760000000,0x0000000760000000,0x0000000766a80000)
 PSPermGen       total 21504K, used 5255K [0x000000075ae00000, 0x000000075c300000, 0x0000000760000000)
  object space 21504K, 24% used [0x000000075ae00000,0x000000075b321d40,0x000000075c300000)

Card table byte_map: [0x0000000110000000,0x000000011052a000] byte_map_base: 0x000000010c529000

Polling page: 0x000000010c5c6000

Code Cache  [0x000000010cf40000, 0x000000010d1b0000, 0x000000010ff40000)
 total_blobs=247 nmethods=26 adapters=184 free_code_cache=48687Kb largest_free_block=49838208

Compilation events (10 events):
Event: 0.364 Thread 0x00007fc00a848000 nmethod 22 0x000000010cf9f690 code [0x000000010cf9f7c0, 0x000000010cf9f7f8]
Event: 0.374 Thread 0x00007fc009840000 nmethod 20 0x000000010cfb6690 code [0x000000010cfb6900, 0x000000010cfb7c38]
Event: 0.379 Thread 0x00007fc00a848000   23             java.io.DataOutputStream::writeUTF (435 bytes)
Event: 0.403 Thread 0x00007fc00a848000 nmethod 23 0x000000010cfad7d0 code [0x000000010cfad980, 0x000000010cfae708]
Event: 0.406 Thread 0x00007fc009840000   24             java.lang.String::length (6 bytes)
Event: 0.407 Thread 0x00007fc009840000 nmethod 24 0x000000010cfad550 code [0x000000010cfad6a0, 0x000000010cfad738]
Event: 0.408 Thread 0x00007fc009840000   26             java.lang.CharacterDataLatin1::toLowerCase (39 bytes)
Event: 0.408 Thread 0x00007fc00a848000   25             java.lang.Character::toLowerCase (9 bytes)
Event: 0.409 Thread 0x00007fc009840000 nmethod 26 0x000000010cfad290 code [0x000000010cfad3c0, 0x000000010cfad498]
Event: 0.409 Thread 0x00007fc00a848000 nmethod 25 0x000000010cfacdd0 code [0x000000010cfacf20, 0x000000010cfad078]

GC Heap History (0 events):
No events

Deoptimization events (0 events):
No events

Internal exceptions (10 events):
Event: 0.403 Thread 0x00007fc00980c000 Threw 0x00000007cb05f740 at /HUDSON/workspace/7u-2-build-macosx-x86_64/jdk7u51/527/hotspot/src/share/vm/prims/jvm.cpp:1244
Event: 0.404 Thread 0x00007fc00980c000 Threw 0x00000007cb064488 at /HUDSON/workspace/7u-2-build-macosx-x86_64/jdk7u51/527/hotspot/src/share/vm/prims/jvm.cpp:1244
Event: 0.405 Thread 0x00007fc00980c000 Threw 0x00000007cb069f98 at /HUDSON/workspace/7u-2-build-macosx-x86_64/jdk7u51/527/hotspot/src/share/vm/prims/jvm.cpp:1244
Event: 0.406 Thread 0x00007fc00980c000 Threw 0x00000007cb06fad0 at /HUDSON/workspace/7u-2-build-macosx-x86_64/jdk7u51/527/hotspot/src/share/vm/prims/jvm.cpp:1244
Event: 0.406 Thread 0x00007fc00980c000 Threw 0x00000007cb0732d0 at /HUDSON/workspace/7u-2-build-macosx-x86_64/jdk7u51/527/hotspot/src/share/vm/prims/jvm.cpp:1244
Event: 0.408 Thread 0x00007fc00980c000 Threw 0x00000007cb077ef8 at /HUDSON/workspace/7u-2-build-macosx-x86_64/jdk7u51/527/hotspot/src/share/vm/prims/jvm.cpp:1244
Event: 0.408 Thread 0x00007fc00980c000 Threw 0x00000007cb07c5e0 at /HUDSON/workspace/7u-2-build-macosx-x86_64/jdk7u51/527/hotspot/src/share/vm/prims/jvm.cpp:1244
Event: 0.417 Thread 0x00007fc00980c000 Threw 0x00000007cb0819f8 at /HUDSON/workspace/7u-2-build-macosx-x86_64/jdk7u51/527/hotspot/src/share/vm/prims/jvm.cpp:1244
Event: 0.418 Thread 0x00007fc00980c000 Threw 0x00000007cb085670 at /HUDSON/workspace/7u-2-build-macosx-x86_64/jdk7u51/527/hotspot/src/share/vm/prims/jvm.cpp:1244
Event: 0.419 Thread 0x00007fc00980c000 Threw 0x00000007cb08a2d8 at /HUDSON/workspace/7u-2-build-macosx-x86_64/jdk7u51/527/hotspot/src/share/vm/prims/jvm.cpp:1244

Events (10 events):
Event: 61.502 Executing VM operation: ChangeSingleStep
Event: 61.502 Executing VM operation: ChangeSingleStep done
Event: 61.504 Executing VM operation: ChangeSingleStep
Event: 61.504 Executing VM operation: ChangeSingleStep done
Event: 61.585 Executing VM operation: GetOrSetLocal
Event: 61.585 Executing VM operation: GetOrSetLocal done
Event: 61.665 Executing VM operation: GetOrSetLocal
Event: 61.665 Executing VM operation: GetOrSetLocal done
Event: 62.575 Executing VM operation: GetOrSetLocal
Event: 62.575 Executing VM operation: GetOrSetLocal done


Dynamic libraries:
0x00000000098b5000 	/System/Library/Frameworks/Cocoa.framework/Versions/A/Cocoa
0x00000000098b5000 	/System/Library/Frameworks/Security.framework/Versions/A/Security
0x00000000098b5000 	/System/Library/Frameworks/ApplicationServices.framework/Versions/A/ApplicationServices
0x00000000098b5000 	/usr/lib/libz.1.dylib
0x00000000098b5000 	/usr/lib/libSystem.B.dylib
0x00000000098b5000 	/usr/lib/libobjc.A.dylib
0x00000000098b5000 	/System/Library/Frameworks/CoreFoundation.framework/Versions/A/CoreFoundation
0x00000000098b5000 	/System/Library/Frameworks/Foundation.framework/Versions/C/Foundation
0x00000000098b5000 	/System/Library/Frameworks/AppKit.framework/Versions/C/AppKit
0x00000000098b5000 	/System/Library/Frameworks/CoreData.framework/Versions/A/CoreData
0x00000000098b5000 	/System/Library/PrivateFrameworks/RemoteViewServices.framework/Versions/A/RemoteViewServices
0x00000000098b5000 	/System/Library/Frameworks/AudioToolbox.framework/Versions/A/AudioToolbox
0x00000000098b5000 	/System/Library/Frameworks/AudioUnit.framework/Versions/A/AudioUnit
0x00000000098b5000 	/System/Library/PrivateFrameworks/DataDetectorsCore.framework/Versions/A/DataDetectorsCore
0x00000000098b5000 	/System/Library/PrivateFrameworks/DesktopServicesPriv.framework/Versions/A/DesktopServicesPriv
0x00000000098b5000 	/System/Library/Frameworks/Carbon.framework/Versions/A/Frameworks/HIToolbox.framework/Versions/A/HIToolbox
0x00000000098b5000 	/System/Library/Frameworks/QuartzCore.framework/Versions/A/QuartzCore
0x00000000098b5000 	/System/Library/Frameworks/Carbon.framework/Versions/A/Frameworks/SpeechRecognition.framework/Versions/A/SpeechRecognition
0x00000000098b5000 	/usr/lib/libauto.dylib
0x00000000098b5000 	/usr/lib/libicucore.A.dylib
0x00000000098b5000 	/usr/lib/libxml2.2.dylib
0x00000000098b5000 	/System/Library/PrivateFrameworks/CoreUI.framework/Versions/A/CoreUI
0x00000000098b5000 	/System/Library/Frameworks/CoreAudio.framework/Versions/A/CoreAudio
0x00000000098b5000 	/System/Library/Frameworks/DiskArbitration.framework/Versions/A/DiskArbitration
0x00000000098b5000 	/usr/lib/liblangid.dylib
0x00000000098b5000 	/System/Library/PrivateFrameworks/MultitouchSupport.framework/Versions/A/MultitouchSupport
0x00000000098b5000 	/System/Library/Frameworks/IOKit.framework/Versions/A/IOKit
0x00000000098b5000 	/usr/lib/libDiagnosticMessagesClient.dylib
0x00000000098b5000 	/System/Library/Frameworks/CoreServices.framework/Versions/A/CoreServices
0x00000000098b5000 	/System/Library/PrivateFrameworks/PerformanceAnalysis.framework/Versions/A/PerformanceAnalysis
0x00000000098b5000 	/System/Library/PrivateFrameworks/GenerationalStorage.framework/Versions/A/GenerationalStorage
0x00000000098b5000 	/System/Library/Frameworks/OpenGL.framework/Versions/A/OpenGL
0x00000000098b5000 	/System/Library/PrivateFrameworks/Sharing.framework/Versions/A/Sharing
0x00000000098b5000 	/System/Library/Frameworks/ImageIO.framework/Versions/A/ImageIO
0x00000000098b5000 	/System/Library/Frameworks/CoreText.framework/Versions/A/CoreText
0x00000000098b5000 	/System/Library/Frameworks/CoreGraphics.framework/Versions/A/CoreGraphics
0x00000000098b5000 	/System/Library/PrivateFrameworks/Backup.framework/Versions/A/Backup
0x00000000098b5000 	/System/Library/Frameworks/CFNetwork.framework/Versions/A/CFNetwork
0x00000000098b5000 	/System/Library/Frameworks/SystemConfiguration.framework/Versions/A/SystemConfiguration
0x00000000098b5000 	/usr/lib/libCRFSuite.dylib
0x00000000098b5000 	/usr/lib/libc++.1.dylib
0x00000000098b5000 	/usr/lib/libc++abi.dylib
0x00000000098b5000 	/usr/lib/system/libcache.dylib
0x00000000098b5000 	/usr/lib/system/libcommonCrypto.dylib
0x00000000098b5000 	/usr/lib/system/libcompiler_rt.dylib
0x00000000098b5000 	/usr/lib/system/libcopyfile.dylib
0x00000000098b5000 	/usr/lib/system/libcorecrypto.dylib
0x00000000098b5000 	/usr/lib/system/libdispatch.dylib
0x00000000098b5000 	/usr/lib/system/libdyld.dylib
0x00000000098b5000 	/usr/lib/system/libkeymgr.dylib
0x00000000098b5000 	/usr/lib/system/liblaunch.dylib
0x00000000098b5000 	/usr/lib/system/libmacho.dylib
0x00000000098b5000 	/usr/lib/system/libquarantine.dylib
0x00000000098b5000 	/usr/lib/system/libremovefile.dylib
0x00000000098b5000 	/usr/lib/system/libsystem_asl.dylib
0x00000000098b5000 	/usr/lib/system/libsystem_blocks.dylib
0x00000000098b5000 	/usr/lib/system/libsystem_c.dylib
0x00000000098b5000 	/usr/lib/system/libsystem_configuration.dylib
0x00000000098b5000 	/usr/lib/system/libsystem_dnssd.dylib
0x00000000098b5000 	/usr/lib/system/libsystem_info.dylib
0x00000000098b5000 	/usr/lib/system/libsystem_kernel.dylib
0x00000000098b5000 	/usr/lib/system/libsystem_m.dylib
0x00000000098b5000 	/usr/lib/system/libsystem_malloc.dylib
0x00000000098b5000 	/usr/lib/system/libsystem_network.dylib
0x00000000098b5000 	/usr/lib/system/libsystem_notify.dylib
0x00000000098b5000 	/usr/lib/system/libsystem_platform.dylib
0x00000000098b5000 	/usr/lib/system/libsystem_pthread.dylib
0x00000000098b5000 	/usr/lib/system/libsystem_sandbox.dylib
0x00000000098b5000 	/usr/lib/system/libsystem_stats.dylib
0x00000000098b5000 	/usr/lib/system/libunc.dylib
0x00000000098b5000 	/usr/lib/system/libunwind.dylib
0x00000000098b5000 	/usr/lib/system/libxpc.dylib
0x00000000098b5000 	/usr/lib/libbsm.0.dylib
0x00000000098b5000 	/usr/lib/libsqlite3.dylib
0x00000000098b5000 	/usr/lib/libxar.1.dylib
0x00000000098b5000 	/usr/lib/libpam.2.dylib
0x00000000098b5000 	/usr/lib/libOpenScriptingUtil.dylib
0x00000000098b5000 	/usr/lib/libbz2.1.0.dylib
0x00000000098b5000 	/System/Library/Frameworks/CoreServices.framework/Versions/A/Frameworks/CarbonCore.framework/Versions/A/CarbonCore
0x00000000098b5000 	/System/Library/Frameworks/CoreServices.framework/Versions/A/Frameworks/Metadata.framework/Versions/A/Metadata
0x00000000098b5000 	/System/Library/Frameworks/CoreServices.framework/Versions/A/Frameworks/OSServices.framework/Versions/A/OSServices
0x00000000098b5000 	/System/Library/Frameworks/CoreServices.framework/Versions/A/Frameworks/SearchKit.framework/Versions/A/SearchKit
0x00000000098b5000 	/System/Library/Frameworks/CoreServices.framework/Versions/A/Frameworks/AE.framework/Versions/A/AE
0x00000000098b5000 	/System/Library/Frameworks/CoreServices.framework/Versions/A/Frameworks/LaunchServices.framework/Versions/A/LaunchServices
0x00000000098b5000 	/System/Library/Frameworks/CoreServices.framework/Versions/A/Frameworks/DictionaryServices.framework/Versions/A/DictionaryServices
0x00000000098b5000 	/System/Library/Frameworks/NetFS.framework/Versions/A/NetFS
0x00000000098b5000 	/usr/lib/system/libkxld.dylib
0x00000000098b5000 	/System/Library/PrivateFrameworks/NetAuth.framework/Versions/A/NetAuth
0x00000000098b5000 	/System/Library/PrivateFrameworks/TCC.framework/Versions/A/TCC
0x00000000098b5000 	/System/Library/Frameworks/OpenDirectory.framework/Versions/A/Frameworks/CFOpenDirectory.framework/Versions/A/CFOpenDirectory
0x00000000098b5000 	/System/Library/Frameworks/ServiceManagement.framework/Versions/A/ServiceManagement
0x00000000098b5000 	/usr/lib/libxslt.1.dylib
0x00000000098b5000 	/System/Library/Frameworks/Carbon.framework/Versions/A/Frameworks/Ink.framework/Versions/A/Ink
0x00000000098b5000 	/System/Library/Frameworks/ApplicationServices.framework/Versions/A/Frameworks/ATS.framework/Versions/A/ATS
0x00000000098b5000 	/System/Library/Frameworks/ApplicationServices.framework/Versions/A/Frameworks/ColorSync.framework/Versions/A/ColorSync
0x00000000098b5000 	/System/Library/Frameworks/ApplicationServices.framework/Versions/A/Frameworks/HIServices.framework/Versions/A/HIServices
0x00000000098b5000 	/System/Library/Frameworks/ApplicationServices.framework/Versions/A/Frameworks/LangAnalysis.framework/Versions/A/LangAnalysis
0x00000000098b5000 	/System/Library/Frameworks/ApplicationServices.framework/Versions/A/Frameworks/PrintCore.framework/Versions/A/PrintCore
0x00000000098b5000 	/System/Library/Frameworks/ApplicationServices.framework/Versions/A/Frameworks/QD.framework/Versions/A/QD
0x00000000098b5000 	/System/Library/Frameworks/ApplicationServices.framework/Versions/A/Frameworks/SpeechSynthesis.framework/Versions/A/SpeechSynthesis
0x00000000098b5000 	/System/Library/Frameworks/IOSurface.framework/Versions/A/IOSurface
0x00000000098b5000 	/System/Library/Frameworks/Accelerate.framework/Versions/A/Accelerate
0x00000000098b5000 	/System/Library/Frameworks/Accelerate.framework/Versions/A/Frameworks/vImage.framework/Versions/A/vImage
0x00000000098b5000 	/System/Library/Frameworks/Accelerate.framework/Versions/A/Frameworks/vecLib.framework/Versions/A/vecLib
0x00000000098b5000 	/System/Library/Frameworks/Accelerate.framework/Versions/A/Frameworks/vecLib.framework/Versions/A/libvDSP.dylib
0x00000000098b5000 	/System/Library/Frameworks/Accelerate.framework/Versions/A/Frameworks/vecLib.framework/Versions/A/libvMisc.dylib
0x00000000098b5000 	/System/Library/Frameworks/Accelerate.framework/Versions/A/Frameworks/vecLib.framework/Versions/A/libLAPACK.dylib
0x00000000098b5000 	/System/Library/Frameworks/Accelerate.framework/Versions/A/Frameworks/vecLib.framework/Versions/A/libBLAS.dylib
0x00000000098b5000 	/System/Library/Frameworks/ApplicationServices.framework/Versions/A/Frameworks/ATS.framework/Versions/A/Resources/libFontParser.dylib
0x00000000098b5000 	/System/Library/Frameworks/ApplicationServices.framework/Versions/A/Frameworks/ATS.framework/Versions/A/Resources/libFontRegistry.dylib
0x00000000098b5000 	/System/Library/Frameworks/ImageIO.framework/Versions/A/Resources/libJPEG.dylib
0x00000000098b5000 	/System/Library/Frameworks/ImageIO.framework/Versions/A/Resources/libTIFF.dylib
0x00000000098b5000 	/System/Library/Frameworks/ImageIO.framework/Versions/A/Resources/libPng.dylib
0x00000000098b5000 	/System/Library/Frameworks/ImageIO.framework/Versions/A/Resources/libGIF.dylib
0x00000000098b5000 	/System/Library/Frameworks/ImageIO.framework/Versions/A/Resources/libJP2.dylib
0x00000000098b5000 	/System/Library/Frameworks/ImageIO.framework/Versions/A/Resources/libRadiance.dylib
0x00000000098b5000 	/usr/lib/libcups.2.dylib
0x00000000098b5000 	/System/Library/Frameworks/Kerberos.framework/Versions/A/Kerberos
0x00000000098b5000 	/System/Library/Frameworks/GSS.framework/Versions/A/GSS
0x00000000098b5000 	/usr/lib/libresolv.9.dylib
0x00000000098b5000 	/usr/lib/libiconv.2.dylib
0x00000000098b5000 	/System/Library/PrivateFrameworks/Heimdal.framework/Versions/A/Heimdal
0x00000000098b5000 	/System/Library/PrivateFrameworks/TrustEvaluationAgent.framework/Versions/A/TrustEvaluationAgent
0x00000000098b5000 	/usr/lib/libheimdal-asn1.dylib
0x00000000098b5000 	/System/Library/Frameworks/OpenDirectory.framework/Versions/A/OpenDirectory
0x00000000098b5000 	/System/Library/PrivateFrameworks/CommonAuth.framework/Versions/A/CommonAuth
0x00000000098b5000 	/System/Library/Frameworks/SecurityFoundation.framework/Versions/A/SecurityFoundation
0x00000000098b5000 	/System/Library/PrivateFrameworks/Bom.framework/Versions/A/Bom
0x00000000098b5000 	/System/Library/Frameworks/CoreVideo.framework/Versions/A/CoreVideo
0x00000000098b5000 	/System/Library/Frameworks/QuartzCore.framework/Versions/A/Frameworks/CoreImage.framework/Versions/A/CoreImage
0x00000000098b5000 	/System/Library/Frameworks/QuartzCore.framework/Versions/A/Frameworks/ScalableUserInterface.framework/Versions/A/ScalableUserInterface
0x00000000098b5000 	/System/Library/Frameworks/OpenGL.framework/Versions/A/Libraries/libGLU.dylib
0x00000000098b5000 	/System/Library/Frameworks/OpenGL.framework/Versions/A/Libraries/libGFXShared.dylib
0x00000000098b5000 	/System/Library/Frameworks/OpenGL.framework/Versions/A/Libraries/libGL.dylib
0x00000000098b5000 	/System/Library/Frameworks/OpenGL.framework/Versions/A/Libraries/libGLImage.dylib
0x00000000098b5000 	/System/Library/Frameworks/OpenGL.framework/Versions/A/Libraries/libCVMSPluginSupport.dylib
0x00000000098b5000 	/System/Library/Frameworks/OpenGL.framework/Versions/A/Libraries/libCoreVMClient.dylib
0x00000000098b5000 	/System/Library/PrivateFrameworks/FaceCore.framework/Versions/A/FaceCore
0x00000000098b5000 	/System/Library/PrivateFrameworks/CrashReporterSupport.framework/Versions/A/CrashReporterSupport
0x00000000098b5000 	/System/Library/Frameworks/OpenCL.framework/Versions/A/OpenCL
0x00000000098b5000 	/System/Library/PrivateFrameworks/AppleFSCompression.framework/Versions/A/AppleFSCompression
0x00000000098b5000 	/System/Library/PrivateFrameworks/Ubiquity.framework/Versions/A/Ubiquity
0x00000000098b5000 	/System/Library/PrivateFrameworks/IconServices.framework/Versions/A/IconServices
0x00000000098b5000 	/System/Library/PrivateFrameworks/ChunkingLibrary.framework/Versions/A/ChunkingLibrary
0x00000000098b5000 	/System/Library/PrivateFrameworks/CoreSymbolication.framework/Versions/A/CoreSymbolication
0x00000000098b5000 	/System/Library/PrivateFrameworks/Symbolication.framework/Versions/A/Symbolication
0x00000000098b5000 	/System/Library/PrivateFrameworks/DebugSymbols.framework/Versions/A/DebugSymbols
0x000000010bb20000 	/Library/Java/JavaVirtualMachines/jdk1.7.0_51.jdk/Contents/Home/jre/lib/server/libjvm.dylib
0x00000000098b5000 	/usr/lib/libstdc++.6.dylib
0x000000010c589000 	/Library/Java/JavaVirtualMachines/jdk1.7.0_51.jdk/Contents/Home/jre/lib/libverify.dylib
0x000000010c596000 	/Library/Java/JavaVirtualMachines/jdk1.7.0_51.jdk/Contents/Home/jre/lib/libjava.dylib
0x000000010cf03000 	/Library/Java/JavaVirtualMachines/jdk1.7.0_51.jdk/Contents/Home/jre/lib/libjdwp.dylib
0x000000010c5c7000 	/Library/Java/JavaVirtualMachines/jdk1.7.0_51.jdk/Contents/Home/jre/lib/libnpt.dylib
0x000000010c5d4000 	/Library/Java/JavaVirtualMachines/jdk1.7.0_51.jdk/Contents/Home/jre/lib/libzip.dylib
0x0000000117a41000 	/System/Library/Frameworks/JavaVM.framework/Frameworks/JavaRuntimeSupport.framework/JavaRuntimeSupport
0x0000000117a59000 	/System/Library/Frameworks/JavaVM.framework/Versions/A/Frameworks/JavaNativeFoundation.framework/Versions/A/JavaNativeFoundation
0x0000000117a6e000 	/System/Library/Frameworks/JavaVM.framework/Versions/A/JavaVM
0x00000000098b5000 	/System/Library/Frameworks/Carbon.framework/Versions/A/Carbon
0x0000000117a7b000 	/System/Library/PrivateFrameworks/JavaLaunching.framework/Versions/A/JavaLaunching
0x00000000098b5000 	/System/Library/Frameworks/Carbon.framework/Versions/A/Frameworks/CommonPanels.framework/Versions/A/CommonPanels
0x00000000098b5000 	/System/Library/Frameworks/Carbon.framework/Versions/A/Frameworks/Help.framework/Versions/A/Help
0x00000000098b5000 	/System/Library/Frameworks/Carbon.framework/Versions/A/Frameworks/ImageCapture.framework/Versions/A/ImageCapture
0x00000000098b5000 	/System/Library/Frameworks/Carbon.framework/Versions/A/Frameworks/OpenScripting.framework/Versions/A/OpenScripting
0x00000000098b5000 	/System/Library/Frameworks/Carbon.framework/Versions/A/Frameworks/Print.framework/Versions/A/Print
0x00000000098b5000 	/System/Library/Frameworks/Carbon.framework/Versions/A/Frameworks/SecurityHI.framework/Versions/A/SecurityHI
0x0000000117c90000 	/Library/Java/JavaVirtualMachines/jdk1.7.0_51.jdk/Contents/Home/jre/lib/libdt_socket.dylib
0x0000000118409000 	/Library/Java/JavaVirtualMachines/jdk1.7.0_51.jdk/Contents/Home/jre/lib/libnet.dylib

VM Arguments:
jvm_args: -agentlib:jdwp=transport=dt_socket,suspend=y,address=localhost:57710 -Dfile.encoding=US-ASCII 
java_command: org.eclipse.jdt.internal.junit.runner.RemoteTestRunner -version 3 -port 57709 -testLoaderClass org.eclipse.jdt.internal.junit4.runner.JUnit4TestLoader -loaderpluginname org.eclipse.jdt.junit4.runtime -classNames TestLogParser
Launcher Type: SUN_STANDARD

Environment Variables:
PATH=/usr/bin:/bin:/usr/sbin:/sbin
SHELL=/bin/bash
DISPLAY=/tmp/launch-LanAQI/org.macosforge.xquartz:0

Signal Handlers:
SIGSEGV: [libjvm.dylib+0x525425], sa_mask[0]=0xfffefeff, sa_flags=0x00000043
SIGBUS: [libjvm.dylib+0x525425], sa_mask[0]=0xfffefeff, sa_flags=0x00000042
SIGFPE: [libjvm.dylib+0x41892a], sa_mask[0]=0xfffefeff, sa_flags=0x00000042
SIGPIPE: [libjvm.dylib+0x41892a], sa_mask[0]=0xfffefeff, sa_flags=0x00000042
SIGXFSZ: [libjvm.dylib+0x41892a], sa_mask[0]=0xfffefeff, sa_flags=0x00000042
SIGILL: [libjvm.dylib+0x41892a], sa_mask[0]=0xfffefeff, sa_flags=0x00000042
SIGUSR1: SIG_DFL, sa_mask[0]=0x00000000, sa_flags=0x00000002
SIGUSR2: [libjvm.dylib+0x41841c], sa_mask[0]=0x00000004, sa_flags=0x00000042
SIGHUP: [libjvm.dylib+0x4166ab], sa_mask[0]=0xfffefeff, sa_flags=0x00000042
SIGINT: [libjvm.dylib+0x4166ab], sa_mask[0]=0xfffefeff, sa_flags=0x00000042
SIGTERM: [libjvm.dylib+0x4166ab], sa_mask[0]=0xfffefeff, sa_flags=0x00000042
SIGQUIT: [libjvm.dylib+0x4166ab], sa_mask[0]=0xfffefeff, sa_flags=0x00000042


---------------  S Y S T E M  ---------------

OS:Bsduname:Darwin 13.2.0 Darwin Kernel Version 13.2.0: Thu Apr 17 23:03:13 PDT 2014; root:xnu-2422.100.13~1/RELEASE_X86_64 x86_64
rlimit: STACK 8192k, CORE 0k, NPROC 709, NOFILE 10240, AS infinity
load average:2.31 2.52 3.57

CPU:total 4 (2 cores per cpu, 2 threads per core) family 6 model 58 stepping 9, cmov, cx8, fxsr, mmx, sse, sse2, sse3, ssse3, sse4.1, sse4.2, popcnt, avx, aes, erms, ht, tsc, tscinvbit, tscinv

Memory: 4k page, physical 10485760k(2621440k free)

/proc/meminfo:


vm_info: Java HotSpot(TM) 64-Bit Server VM (24.51-b03) for bsd-amd64 JRE (1.7.0_51-b13), built on Dec 18 2013 18:45:56 by "java_re" with gcc 4.2.1 (Based on Apple Inc. build 5658) (LLVM build 2336.11.00)

time: Thu Jul  3 13:00:08 2014
elapsed time: 62 seconds

